<?xml version="1.0" encoding="UTF-8"?>
<!-- Generated by org.testng.reporters.JUnitReportReporter -->
<testsuite hostname="LAPTOP-KNKTITFN" name="com.acti.base.DriverScript" tests="1" failures="0" timestamp="3 Aug 2020 18:43:31 GMT" time="8.460" errors="0">
  <testcase name="initBrowser" time="8.460" classname="com.acti.base.DriverScript"/>
</testsuite> <!-- com.acti.base.DriverScript -->
